<?xml version="1.0" encoding="UTF-8"?>
<!-- Generated by org.testng.reporters.JUnitReportReporter -->
<testsuite skipped="0" hostname="DESKTOP-KR65LR4" name="testCases.TC01_TestLoginFunctionality" tests="1" failures="0" timestamp="2020-05-25T16:30:16 IST" time="3.601" errors="0">
  <testcase name="LoginUser" time="3.601" classname="testCases.TC01_TestLoginFunctionality"/>
  <system-out/>
</testsuite> <!-- testCases.TC01_TestLoginFunctionality -->
