<?xml version="1.0" encoding="UTF-8"?>
<!-- Generated by org.testng.reporters.JUnitReportReporter -->
<testsuite skipped="0" hostname="DESKTOP-KR65LR4" name="FacebookModuleTestcases.TC02_TestLoginWithInvalidCredentials" tests="1" failures="0" timestamp="2020-05-25T19:53:03 IST" time="10.495" errors="0">
  <testcase name="TestInvalidUser" time="10.495" classname="FacebookModuleTestcases.TC02_TestLoginWithInvalidCredentials"/>
  <system-out/>
</testsuite> <!-- FacebookModuleTestcases.TC02_TestLoginWithInvalidCredentials -->
