<?xml version="1.0" encoding="UTF-8"?>
<!-- Generated by org.testng.reporters.JUnitReportReporter -->
<testsuite skipped="0" hostname="DESKTOP-KR65LR4" name="testCases.TC02_TestLoginWithInvalidCredentials" tests="1" failures="0" timestamp="2020-05-25T16:30:16 IST" time="11.474" errors="0">
  <testcase name="TestInvalidUser" time="11.474" classname="testCases.TC02_TestLoginWithInvalidCredentials"/>
  <system-out/>
</testsuite> <!-- testCases.TC02_TestLoginWithInvalidCredentials -->
